<?xml version="1.0" encoding="UTF-8"?><testrun name="TextEncryptTest" project="SpringIoCLab" tests="1" started="1" failures="0" errors="1" ignored="0">
  <testsuite name="kr.or.ddit.security.TextEncryptTest" time="0.0">
    <testcase name="encryptTest" classname="kr.or.ddit.security.TextEncryptTest" time="0.0">
      <error>java.lang.IllegalArgumentException: Detected a Non-hex character at 1 or 2 position&#13;
	at org.springframework.security.crypto.codec.Hex.decode(Hex.java:62)&#13;
	at org.springframework.security.crypto.encrypt.AesBytesEncryptor.&lt;init&gt;(AesBytesEncryptor.java:102)&#13;
	at org.springframework.security.crypto.encrypt.AesBytesEncryptor.&lt;init&gt;(AesBytesEncryptor.java:97)&#13;
	at org.springframework.security.crypto.encrypt.Encryptors.standard(Encryptors.java:66)&#13;
	at org.springframework.security.crypto.encrypt.Encryptors.text(Encryptors.java:90)&#13;
	at kr.or.ddit.security.TextEncryptTest.encryptTest(TextEncryptTest.java:15)&#13;
	at sun.reflect.NativeMethodAccessorImpl.invoke0(Native Method)&#13;
	at sun.reflect.NativeMethodAccessorImpl.invoke(NativeMethodAccessorImpl.java:62)&#13;
	at sun.reflect.DelegatingMethodAccessorImpl.invoke(DelegatingMethodAccessorImpl.java:43)&#13;
	at java.lang.reflect.Method.invoke(Method.java:498)&#13;
	at org.junit.runners.model.FrameworkMethod$1.runReflectiveCall(FrameworkMethod.java:44)&#13;
	at org.junit.internal.runners.model.ReflectiveCallable.run(ReflectiveCallable.java:15)&#13;
	at org.junit.runners.model.FrameworkMethod.invokeExplosively(FrameworkMethod.java:41)&#13;
	at org.junit.internal.runners.statements.InvokeMethod.evaluate(InvokeMethod.java:20)&#13;
	at org.junit.runners.BlockJUnit4ClassRunner.runChild(BlockJUnit4ClassRunner.java:76)&#13;
	at org.junit.runners.BlockJUnit4ClassRunner.runChild(BlockJUnit4ClassRunner.java:50)&#13;
	at org.junit.runners.ParentRunner$3.run(ParentRunner.java:193)&#13;
	at org.junit.runners.ParentRunner$1.schedule(ParentRunner.java:52)&#13;
	at org.junit.runners.ParentRunner.runChildren(ParentRunner.java:191)&#13;
	at org.junit.runners.ParentRunner.access$000(ParentRunner.java:42)&#13;
	at org.junit.runners.ParentRunner$2.evaluate(ParentRunner.java:184)&#13;
	at org.junit.runners.ParentRunner.run(ParentRunner.java:236)&#13;
	at org.eclipse.jdt.internal.junit4.runner.JUnit4TestReference.run(JUnit4TestReference.java:86)&#13;
	at org.eclipse.jdt.internal.junit.runner.TestExecution.run(TestExecution.java:38)&#13;
	at org.eclipse.jdt.internal.junit.runner.RemoteTestRunner.runTests(RemoteTestRunner.java:538)&#13;
	at org.eclipse.jdt.internal.junit.runner.RemoteTestRunner.runTests(RemoteTestRunner.java:760)&#13;
	at org.eclipse.jdt.internal.junit.runner.RemoteTestRunner.run(RemoteTestRunner.java:460)&#13;
	at org.eclipse.jdt.internal.junit.runner.RemoteTestRunner.main(RemoteTestRunner.java:206)&#13;
&#13;
</error>
    </testcase>
  </testsuite>
</testrun>
